<?xml version='1.0' encoding='UTF-8'?>
<testsuite hostname="C91006D722928A" name="com.recipegrace.biglibrary.electricexamples.SparkJobArgumentTest" tests="4" errors="0" failures="0" time="0.111">
                     <properties>
[...]
</properties>
                     <testcase classname="com.recipegrace.biglibrary.electricexamples.SparkJobArgumentTest" name="two argument test" time="0.1">
                                                 
                                               </testcase><testcase classname="com.recipegrace.biglibrary.electricexamples.SparkJobArgumentTest" name="single argument test" time="0.0">
                                                 
                                               </testcase><testcase classname="com.recipegrace.biglibrary.electricexamples.SparkJobArgumentTest" name="wrong argument test1" time="0.007">
                                                 
                                               </testcase><testcase classname="com.recipegrace.biglibrary.electricexamples.SparkJobArgumentTest" name="wrong argument test2" time="0.004">
                                                 
                                               </testcase>
                     <system-out></system-out>
                     <system-err></system-err>
                   </testsuite>